<?xml version="1.0" encoding="UTF-8"?>
<testng-results ignored="0" total="1" passed="1" failed="0" skipped="0">
  <reporter-output>
  </reporter-output>
  <suite started-at="2024-03-07T16:26:55 IST" name="Suite" finished-at="2024-03-07T16:27:30 IST" duration-ms="34546">
    <groups>
    </groups>
    <test started-at="2024-03-07T16:26:55 IST" name="Test" finished-at="2024-03-07T16:27:30 IST" duration-ms="34546">
      <class name="TestCases.LoginTest_001">
        <test-method is-config="true" signature="openApplication(java.lang.String)[pri:0, instance:TestCases.LoginTest_001@68c9d179]" started-at="2024-03-07T16:26:56 IST" name="openApplication" finished-at="2024-03-07T16:27:20 IST" duration-ms="23746" status="PASS">
          <params>
            <param index="0">
              <value>
                <![CDATA[chrome]]>
              </value>
            </param>
          </params>
          <reporter-output>
          </reporter-output>
        </test-method> <!-- openApplication -->
        <test-method signature="logintest()[pri:0, instance:TestCases.LoginTest_001@68c9d179]" started-at="2024-03-07T16:27:20 IST" name="logintest" finished-at="2024-03-07T16:27:29 IST" duration-ms="8836" status="PASS">
          <reporter-output>
          </reporter-output>
        </test-method> <!-- logintest -->
        <test-method is-config="true" signature="closeApplication()[pri:0, instance:TestCases.LoginTest_001@68c9d179]" started-at="2024-03-07T16:27:29 IST" name="closeApplication" finished-at="2024-03-07T16:27:30 IST" duration-ms="701" status="PASS">
          <reporter-output>
          </reporter-output>
        </test-method> <!-- closeApplication -->
      </class> <!-- TestCases.LoginTest_001 -->
    </test> <!-- Test -->
  </suite> <!-- Suite -->
</testng-results>
