<?xml version="1.0" encoding="UTF-8"?>
<testng-results ignored="0" total="1" passed="1" failed="0" skipped="0">
  <reporter-output>
  </reporter-output>
  <suite started-at="2023-12-13T16:06:44 IST" name="Suite" finished-at="2023-12-13T16:07:10 IST" duration-ms="26179">
    <groups>
    </groups>
    <test started-at="2023-12-13T16:06:44 IST" name="Test" finished-at="2023-12-13T16:07:10 IST" duration-ms="26179">
      <class name="TestCases.LoginTest_001">
        <test-method is-config="true" signature="openApplication(java.lang.String)[pri:0, instance:TestCases.LoginTest_001@480d3575]" started-at="2023-12-13T16:06:44 IST" name="openApplication" finished-at="2023-12-13T16:07:01 IST" duration-ms="16940" status="PASS">
          <params>
            <param index="0">
              <value>
                <![CDATA[chrome]]>
              </value>
            </param>
          </params>
          <reporter-output>
          </reporter-output>
        </test-method> <!-- openApplication -->
        <test-method signature="logintest()[pri:0, instance:TestCases.LoginTest_001@480d3575]" started-at="2023-12-13T16:07:01 IST" name="logintest" finished-at="2023-12-13T16:07:08 IST" duration-ms="7097" status="PASS">
          <reporter-output>
          </reporter-output>
        </test-method> <!-- logintest -->
        <test-method is-config="true" signature="closeApplication()[pri:0, instance:TestCases.LoginTest_001@480d3575]" started-at="2023-12-13T16:07:08 IST" name="closeApplication" finished-at="2023-12-13T16:07:10 IST" duration-ms="1512" status="PASS">
          <reporter-output>
          </reporter-output>
        </test-method> <!-- closeApplication -->
      </class> <!-- TestCases.LoginTest_001 -->
    </test> <!-- Test -->
  </suite> <!-- Suite -->
</testng-results>
